<?xml version="1.0" encoding="UTF-8"?>
<!-- Generated by org.testng.reporters.JUnitReportReporter -->
<testsuite skipped="0" hostname="DESKTOP-3FO53C9" name="com.Procrm.Testcases.LoginPageTest" tests="1" failures="0" timestamp="2022-12-26T17:41:21 IST" time="29.814" errors="0">
  <testcase name="verifyUserCredentialTest" time="29.814" classname="com.Procrm.Testcases.LoginPageTest"/>
  <system-out/>
</testsuite> <!-- com.Procrm.Testcases.LoginPageTest -->
