<?xml version="1.0" encoding="UTF-8"?>
<!-- Generated by org.testng.reporters.JUnitReportReporter -->
<testsuite skipped="0" hostname="DESKTOP-3FO53C9" name="com.Procrm.Testcases.LoginPageTest" tests="1" failures="0" timestamp="2022-12-27T00:30:27 IST" time="62.235" errors="0">
  <testcase name="verifyUserCredentialTest" time="62.235" classname="com.Procrm.Testcases.LoginPageTest"/>
  <system-out/>
</testsuite> <!-- com.Procrm.Testcases.LoginPageTest -->
